[    0.000000] Initializing cgroup subsys cpuset
[    0.000000] Initializing cgroup subsys cpu
[    0.000000] Initializing cgroup subsys cpuacct
[    0.000000] Linux version 4.4.0-128-generic (buildd@lcy01-amd64-019) (gcc version 5.4.0 20160609 (Ubuntu 5.4.0-6ubuntu1~16.04.9) ) #154-Ubuntu SMP Fr May25 14:15:18 UTC 208 (Ubuntu 4.4.0-18.154-generic 4.4.131)
[    0.000000] Command line: BOT_IMAGE=/boot/vmlinuz-4.4.0-128-generic root=LABEL=cloudimg-rootfs ro console=tty1 console=ttyS0
[    0.000000] KERNEL supported cpus:
[    0.000000]   Intel GenuineIntel
[    0.000000]   AMD AuthenticAMD
[    0.000000]   Centaur CentaurHauls
[    0.000000] x86/fpu: xstate_offset[2]:  576, xstate_sizes[2]:  256
[    0.000000] x86/fpu: Supporting XSAVE feature 0x01: 'x87 floating point registers'
[    0.000000] x86/fpu: Supporting XSAVE feature 0x02: 'SSE registrs
    0.000000] x86/fpu: Supporting XSAVE feature 0x04: 'AVX registers'
[    0.000000] x86/fpu: Enle xstate features 0x7, context size is 832 bytes, using 'standard' format.
[    0.000000] x86/fpu: Using 'lazy' FPU context switches.
[    0.000000] e820: BIOS-provided physical RAM map:
[    0.000000] BIOS-e820: [mem 0x0000000000000000-0x000000000009fbff] usable
[    0.000000] BIOS-e820: [mem 0x000000000009fc00-0x000000000009ffff] reserved
[  00000] IOS-e820: [mem 0x00000000000f0000-0x00000000000fffff] reserved
[    0.000000] BIOS-e820: [mem 0x0000000000100000-0x000000003ffeffff] usable
[    0.000000] BIOS-e820: [mem 0x000000003fff0000-0x000000003fffffff] ACPI data
[   0.00000] BIOS-e820: [mem 0x00000000fec00000-0x00000000fec00fff] reserved
[   0.000000] BIOS-e820: [mem 0x00000000fee00000-0x00000000fee00fff] reserved
[    0.000000] BIOS-e820: [mem 0x00000000fffc0000-0x00000000ffffffff] reserved
[    0.000000] NX (Execute Disable) protection: active
[    0.000000] SMBIOS 2.5 present.
[    0.000000] Hypervisor detected: KVM
[    0.000000] e820: last_pfn = 0x3fff0 max_arch_pfn = 0x400000000
[    0.000000] MTRR: Disabled
[    0.000000] x86/PAT: MTRRs disabled, skipping PAT initialization too.
[    0.000000] CPU MTRRs all blank - virtualized system.
[    0.000000] x86/PAT: Configuration [0-7]: WB  WT  UC- UC  WB  WT  UC- UC  
[    0.000000] found SMP MP-table at [mem 0x0009fff0-0x0009ffff] mapped at [ffff88000009fff0]
[    0.000000] Scanning 1 areas for low memory corruption
[    0.000000] RAMDISK: [mem 0x36aa2000-0x37548fff]
[    0.000000] ACPI: Early table checksum verification disabled
[    0.000000] ACPI: RSDP 0x00000000000E0000 000024 (v02 VBOX  )
[    0.000000] ACPI: XSDT 0x000000003FFF0030 00003C (v01 VBOX   VBOXXSDT 00000001 ASL  00000061)
[    0.000000] ACPI: FACP 0x000000003FFF00F0 0000F4 (v04 VBOX   VBOXFACP 00000001 ASL  00000061)
[    0.000000] ACPI: DSDT 0x000000003FFF0470 0021FF (v02 VBOX   VBOXBIOS 00000002 INTL 20100528)
[    0.000000] ACPI: FACS 0x000000003FFF0200 000040
[    0.000000] ACPI: FACS 0x000000003FFF0200 000040
[    0.000000] ACPI: APIC 0x000000003FFF0240 00005C (v02 VBOX   VBOXAPIC 00000001 ASL  00000061)
[    0.000000] ACPI: SSDT 0x000000003FFF02A0 0001CC (v01 VBOX   VBOXCPUT 00000002 INTL200528)    0.000000] No NUMA configuration found
[    0.000000] Faking a node at [mem 0x0000000000000000-0x000000003ffeffff]
[    .000000] NODE_DATA(0) allocated [mem 0x3ffeb000-0x3ffeffff]
[   0.00000] kvm-clock: Using msrs 4b564d01 and 4b564d00
[  0.000000] kvm-clock: cpu 0, msr 0:3ffe3001, primary cpu clock
[    0.000000] kvm-clock: using sched offset of 3444639527yces
[    0.000000] clocksource: kvm-clock: mask: 0xffffffffffffffff max_cycles: 0x1cd42e4dffb, max_idle_ns: 881590591483 ns
[    0.000000] Zone ranges:
[    0.000000]   DMA      [mem 0x0000000000001000-0x0000000000ffffff]
[    0.000000]   DMA32    [mem 0x0000000001000000-0x000000003ffeffff]
[  0.000000]   Normal   empty
[    0.000000]   Device   empty
[    0.000000] Movable zone start for each node
[    0.000000] Early memory node ranges
[    0.000000]   node   0: [mem 0x0000000000001000-0x000000000009efff]
[    0.000000]   node   0: [mem 0x0000000000100000-0x000000003ffeffff]
[    0.000000] Initmem setup node 0 [mem 0x0000000000001000-0x000000003ffeffff]
[   0.000000] ACPI: PM-Timer IO Port: 0x4008
[  0.000000] IOAPIC[0]: apic_id 2, version 32, address 0xfec00000, GSI 0-23
[   0.000000] ACPI: INT_SRC_OVR (bus 0 bus_irq 0 global_irq 2 dfl dfl)
[    0.000000] ACPI: INT_SRC_OVR (bus 0 bus_irq 9 global_irq 9 low level)
[    0.000000] Using ACPI (MADT) for SMP configuration information
[    0.000000] smpboot: Allowing 2 CPUs, 0 hotplug CPUs
[    0.000000] PM: Registered nosave memory: [mem 0x00000000-0x00000fff]
[  0.000000] PM: Registered nosave memory: [mem 0x0009f000-0x0009ffff]
[  0.000000] PM: Registered nosave memory: mem 0x000a0000-0x000effff]
[    0.000000] PM: Registered nosave memory: [mem 0x000f0000-0x000fffff]
[    0.000000] e820: [mem 0x40000000-0xfebfffff] available for PCI devices
[    0.000000] Booting paravirtualized kernel on KVM
[    0.000000] clocksource: refined-jiffies: mask: 0xffffffff max_cycles: 0xffffffff, max_idle_ns: 7645519600211568 ns
[    0.000000] setup_percpu: NR_CPUS:512 nr_cpumask_bits:512 nr_cpu_ids:2 nr_node_ids:1
[    0.000000] PERCPU: Embedded 34 pages/cpu @ffff88003fc00000 s99544 r8192 d31528 u1048576
[    0.000000] PV qspinlock hash table entries: 256 (order: 0, 4096 bytes)
[    0.000000] Built 1 zonelists in Node order, mobility grouping on.  Total pages: 257912
[    0.000000] Policy zone: DMA32
[    0.0000] Kernel command line: BOOT_IMAGE=/boot/vmlinuz-4.4.0-128-generic root=LABEL=cloudimg-rootfs ro console=tty1 console=ttyS0
[    0.000000] PID hash table entries: 4096 (order: 3, 32768 bytes)
[    0.000000] Memory: 1001612K/104812K available (8541K kernel code, 1313K rwdata, 4000K rodata, 152Kiinit, 1316K bss, 46508K reserved, 0K cma-reserved)
[    0.000000] SLUB: HWalign=64, Order=0-3, MinObjects=0, CPUs=2, Nodes=1
[    .000000] Kernel/User page tables isolation: enabled
[    0.000000] Hierarchical RCU implementation.
[    0.000000] 	Build-time adjustment of leaf fanout to 64.
[    0.000000] 	RCU restricting CPUs from NR_CPUS=512 to nr_cpu_ids=2.
[    0.000000] RCU: Adjusting geometry for rcu_fanout_leaf=64, nr_cpu_ids=2
[    0.000000] NR_IRQS:33024 nr_irqs:440 16
[    0.000000] Console: colour VGA+ 80x25
[    0.000000] console [tty1] enabled
[   0.000000] console [ttyS0] enabled
[    0.000000] tsc: Detected 2494.316 MHz processor
[    1.349272] Calibrating delay loop (skipped) preset value.. 4988.63 BogoMIPS (lpj=9977264)
[    1.359502] pid_max: default: 32768 minimum: 301
[    1.362617] ACPI: Core revision 20150930
[    1.372488] ACPI: 2 ACPI AML tables successfully acquired and loaded
[    1.375481] Security Framework initialized
[    1.384024] Yama: becoming mindful.
[    1.387332] AppArmor: AppArmor initialized
[    1.399947] Dentry cache hash table entries: 131072 (order: 8, 1048576 bytes)
[    1.405333] Inode-cache hash table entries: 65536 (order: 7, 524288 bytes)
[    1.417932] Mount-cache hash table entries: 2048 (order: 2, 16384 bytes)
[    1.425348] Mountpoint-cache hash table entries: 2048 (order: 2, 16384 bytes)
[    1.432962] Initializing cgroup subsys io
[    1.434030] Initializing cgroup subsys memory
[    1.435633] Initializing cgroup subsys devices
[    1.442315] Initializing cgroup subsys freezer
[    1.452568] Initializing cgroup subsys net_cls
[    1.459261] Initializing cgroup subsys perf_event
[    1.460397] Initializing cgroup subsys net_prio
[    1.472789] Initializing cgroup subsys hugetlb
[    1.479578] Initializing cgroup subsys pids
[    1.486183] CPU: Physical Processor ID: 0
[    1.491561] CPU: Processor Core ID: 0
[    1.504762] mce: CPU supports 0 MCE banks
[    1.506107] Last level iTLB entries: 4KB 512, 2MB 8, 4MB 8
[    1.521425] Last level dTLB entries: 4KB 512, 2MB 32, 4MB 32, 1GB 0
[    1.522965] Spectre V2 : Mitigation: Full generic retpoline
[    1.524272] Spectre V2 : Speculation control IBPB not-supported IBRS not-supported
[    1.525929] Speculative Store Bypass: Vulnerable
[    1.540088] Freeing SMP alternatives memory: 32K
[    1.557091] ftrace: allocating 32236 entries in 126 pages
[    1.623102] smpboot: APIC(0) Converting physical 0 to logical package 0
[    1.625232] smpboot: Max logical packages: 1
[    1.628178] x2apic enabled
[    1.629394] Switched APIC routing to physical x2apic.
[    1.634392] ..TIMER: vector=0x30 apic1=0 pin1=2 apic2=-1 pin2=-1
[    1.746928] smpboot: CPU0: Intel(R) Core(TM) i5-3210M CPU @ 2.50GHz (family: 0x6, model: 0x3a, stepping: 0x9)
[    1.751312] Performance Events: unsupported p6 CPU model 58 no PMU driver, software events only.
[    1.770056] KVM setup paravirtual spinlock
[    1.772119] x86: Booting SMP configuration:
[    1.773262] .... node  #0, CPUs:      #1
[    1.785679] kvm-clock: cpu 1, msr 0:3ffe3041, secondary cpu clock
[    1.798347] mce: CPU supports 0 MCE banks
[    1.801332] x86: Booted up 1 node, 2 CPUs
[    1.802745] smpboot: Total of 2 processors activated (9977.26 BogoMIPS)
[    1.820407] devtmpfs: initialized
[    1.824125] evm: security.selinux
[    1.831176] evm: security.SMACK64
[    1.833003] evm: security.SMACK64EXEC
[    1.834347] evm: security.SMACK64TRANSMUTE
[    1.842887] evm: security.SMACK64MMAP
[    1.843933] evm: security.ima
[    1.850618] evm: security.capability
[    1.851804] clocksource: jiffies: mask: 0xffffffff max_cycles: 0xffffffff, max_idle_ns: 7645041785100000 ns
[    1.854245] futex hash table entries: 512 (order: 3, 32768 bytes)
[    1.856084] pinctrl core: initialized pinctrl subsystem
[    1.863605] RTC time: 10:32:38, date: 06/15/18
[    1.877600] NET: Registered protocol family 16
[    1.895099] cpuidle: using governor ladder
[    1.927167] cpuidle: using governor menu
[    1.936923] PCCT header not found.
[    1.938365] ACPI: bus type PCI registered
[    1.939459] acpiphp: ACPI Hot Plug PCI Controller Driver version: 0.5
[    1.947714] PCI: Using configuration type 1 for base access
[    1.964137] ACPI: Added _OSI(Module Device)
[    1.965684] ACPI: Added _OSI(Processor Device)
[    1.967080] ACPI: Added _OSI(3.0 _SCP Extensions)
[    1.970101] ACPI: Added _OSI(Processor Aggregator Device)
[    1.977580] ACPI: Executed 1 blocks of module-level executable AML code
[    1.987082] ACPI: Interpreter enabled
[    1.991559] ACPI: (supports S0 S5)
[    1.998404] ACPI: Using IOAPIC for interrupt routing
[    2.000476] PCI: Using host bridge windows from ACPI; if necessary, use "pci=nocrs" and report a bug
[    2.016356] ACPI: PCI Root Bridge [PCI0] (domain 0000 [bus 00-ff])
[    2.019012] acpi PNP0A03:00: _OSC: OS supports [ASPM ClockPM Segments MSI]
[    2.027171] acpi PNP0A03:00: _OSC: not requesting OS control; OS requires [ExtendedConfig ASPM ClockPM MSI]
[    2.029773] acpi PNP0A03:00: fail to add MMCONFIG information, can't access extended PCI configuration space under this bridge.
[    2.034206] PCI host bridge to bus 0000:00
[    2.040801] pci_bus 0000:00: root bus resource [io  0x0000-0x0cf7 window]
[    2.054748] pci_bus 0000:00: root bus resource [io  0x0d00-0xffff window]
[    2.061724] pci_bus 0000:00: root bus resource [mem 0x000a0000-0x000bffff window]
[    2.069644] pci_bus 0000:00: root bus resource [mem 0x40000000-0xfdffffff window]
[    2.072049] pci_bus 0000:00: root bus resource [bus 00-ff]
[    2.081916] pci 0000:00:01.1: legacy IDE quirk: reg 0x10: [io  0x01f0-0x01f7]
[    2.085302] pci 0000:00:01.1: legacy IDE quirk: reg 0x14: [io  0x03f6]
[    2.086959] pci 0000:00:01.1: legacy IDE quirk: reg 0x18: [io  0x0170-0x0177]
[    2.104813] pci 0000:00:01.1: legacy IDE quirk: reg 0x1c: [io  0x0376]
[    2.135457] pci 0000:00:07.0: quirk: [io  0x4000-0x403f] claimed by PIIX4 ACPI
[    2.143028] pci 0000:00:07.0: quirk: [io  0x4100-0x410f] claimed by PIIX4 SMB
[    2.164803] ACPI: PCI Interrupt Link [LNKA] (IRQs 5 9 10 *11)
[    2.168179] ACPI: PCI Interrupt Link [LNKB] (IRQs 5 9 *10 11)
[    2.183739] ACPI: PCI Interrupt Link [LNKC] (IRQs 5 *9 10 11)
[    2.185808] ACPI: PCI Interrupt Link [LNKD] (IRQs 5 9 10 *11)
[    2.187976] ACPI: Enabled 2 GPEs in block 00 to 07
[    2.189619] vgaarb: setting as boot device: PCI:0000:00:02.0
[    2.190976] vgaarb: device added: PCI:0000:00:02.0,decodes=io+mem,owns=io+mem,locks=none
[    2.193033] vgaarb: loaded
[    2.193798] vgaarb: bridge control possible 0000:00:02.0
[    2.195430] SCSI subsystem initialized
[    2.202231] ACPI: bus type USB registered
[    2.208789] usbcore: registered new interface driver usbfs
[    2.210554] usbcore: registered new interface driver hub
[    2.212257] usbcore: registered new device driver usb
[    2.217007] PCI: Using ACPI for IRQ routing
[    2.219648] NetLabel: Initializing
[    2.226111] NetLabel:  domain hash size = 128
[    2.235443] NetLabel:  protocols = UNLABELED CIPSOv4
[    2.242191] NetLabel:  unlabeled traffic allowed by default
[    2.249333] amd_nb: Cannot enumerate AMD northbridges
[    2.251919] clocksource: Switched to clocksource kvm-clock
[    2.263539] AppArmor: AppArmor Filesystem nabled
[  2931] np: PnP ACPI init
[    2.513982] pnp: PnP ACPI: found 3 devices
[    2.56590clksrc acpi_pm: mask: 0xffffff max_cycles: 0xffffff,maid_n 2085701024 ns
[    3.000244] NET: Registered protocol family 2

[    3.001867] TCP established hash table entries: 8192 (order: 4, 65536 bytes)
[    3.003421] TCP bind hash table entries: 8192 (order: 5, 131072 bytes)
[  3.050500] TCP: Hash tables configured (established 8192 bind 8192)
[    3.105847] UDP hash table entries: 512 (order: 2, 16384 bytes)
[  3.107401] UDP-Lite hash table entries: 512 (order: 2, 16384 bytes)
[    3.163069] NET: Registered protocol family 1
[   3.165818] pci 0000:00:00.0: Limiting direct PCI/PCI transfers
[   .196040] pci 0000:00:010: Activating ISA DMA hang workarounds
[    3.90] Unpacking initramfs...

[    5.367673] Freeing initrd memory: 10908K
[    5.373171] RAPL PMU detected, API unit is 2^-32 Joules, 3 fixed counters 10737418240 ms ovfl timer
[    5.375379] hw unit of domain pp0-core 2^-0 Joules
[    5.378333] hw unit of domain package 2^-0 Joules
[    5.379449] hw unit of domain pp1-gpu 2^-0 Joules
[    5.380905] platform rtc_cmos: registered platform RTC device (no PNP device found)
[    5.382829] Scanning for low memory corruption every 60 seconds
[    5.386409] audit: initializing netlink subsys (disabled)
[    5.393638] audit: type=2000 audit(1529058764.708:1): initialized
[    5.395358] Initialise system trusted keyring
[    5.410888] HugeTLB registered 2 MB page size, pre-allocated 0 pages
[    5.419422] zbud: loaded
[    5.426726] VFS: Disk quotas dquot_6.6.0
[    5.434029] VFS: Dquot-cache hash table entries: 512 (order 0, 4096 bytes)
[    5.436557] squashfs: version 4.0 (2009/01/31) Phillip Lougher
[    5.445449] fuse init (API version 7.23)
[    5.446808] Key type big_key registered
[    5.447863] Allocating IMA MOK and blacklist keyrings.
[    5.450551] Key type asymmetric registered
[    5.451591] Asymmetric key parser 'x509' registered
[    5.452878] Block layer SCSI generic (bsg) driver version 0.4 loaded (major 249)
[    5.460641] io scheduler noop registered
[    5.467134] io scheduler deadline registered (default)
[    5.468479] io scheduler cfq registered
[    5.469587] pci_hotplug: PCI Hot Plug PCI Core version: 0.5
[    5.476597] pciehp: PCI Express Hot Plug Controller Driver version: 0.4
[    5.483741] ACPI: AC Adapter [AC] (on-line)
[    5.493068] input: Power Button as /devices/LNXSYSTM:00/LNXPWRBN:00/input/input0
[    5.495095] ACPI: Power Button [PWRF]
[    5.501817] input: Sleep Button as /devices/LNXSYSTM:00/LNXSLPBN:00/input/input1
[    5.503636] ACPI: Sleep Button [SLPF]
[    5.510828] GHES: HEST is not enabled!
[    5.512344] ACPI: Battery Slot [BAT0] (battery present)
[    5.514253] Serial: 8250/16550 driver, 32 ports, IRQ sharing enabled
[    5.544794] 00:02: ttyS0 at I/O 0x3f8 (irq = 4, base_baud = 115200) is a 16550A
[    5.551245] Linux agpgart interface v0.103
[    5.555524] loop: module loaded
[    5.557883] scsi host0: ata_piix
[    5.558969] scsi host1: ata_piix
[    5.559866] ata1: PATA max UDMA/33 cmd 0x1f0 ctl 0x3f6 bmdma 0xd000 irq 14
[    5.561602] ata2: PATA max UDMA/33 cmd 0x170 ctl 0x376 bmdma 0xd008 irq 15
[    5.563274] libphy: Fixed MDIO Bus: probed
[    5.564568] tun: Universal TUN/TAP device driver, 1.6
[    5.571754] tun: (C) 1999-2004 Max Krasnyansky <maxk@qualcomm.com>
[    5.574141] PPP generic driver version 2.4.2
[    5.575347] ehci_hcd: USB 2.0 'Enhanced' Host Controller (EHCI) Driver
[    5.577308] ehci-pci: EHCI PCI platform driver
[    5.584059] ehci-platform: EHCI generic platform driver
[    5.585295] ohci_hcd: USB 1.1 'Open' Host Controller (OHCI) Driver
[    5.592336] ohci-pci: OHCI PCI platform driver
[    5.593673] ohci-platform: OHCI generic platform driver
[    5.594923] uhci_hcd: USB Universal Host Controller Interface driver
[    5.596468] i8042: PNP: PS/2 Controller [PNP0303:PS2K,PNP0f03:PS2M] at 0x60,0x64 irq 1,12
[    5.598914] serio: i8042 KBD port at 0x60,0x64 irq 1
[    5.605807] serio: i8042 AUX port at 0x60,0x64 irq 12
[    5.608022] mousedev: PS/2 mouse device common for all mice
[    5.613939] input: AT Translated Set 2 keyboard as /devices/platform/i8042/serio0/input/input2
[    5.616627] rtc_cmos rtc_cmos: rtc core: registered rtc_cmos as rtc0
[    5.618631] rtc_cmos rtc_cmos: alarms up to one day, 114 bytes nvram
[    5.620775] i2c /dev entries driver
[    5.623178] device-mapper: uevent: version 1.0.3
[    5.625948] device-mapper: ioctl: 4.34.0-ioctl (2015-10-28) initialised: dm-devel@redhat.com
[    5.627992] ledtrig-cpu: registered to indicate activity on CPUs
[    5.630101] NET: Registered protocol family 10
[    5.631444] NET: Registered protocol family 17
[    5.638663] Key type dns_resolver registered
[    5.641203] registered taskstats version 1
[    5.643845] Loading compiled-in X.509 certificates
[    5.651349] Loaded X.509 cert 'Build time autogenerated kernel key: fc7b57a7df019f2655f66a8a374d74ee8f4999fc'
[    5.665131] zswap: loaded using pool lzo/zbud
[    5.675307] Key type trusted registered
[    5.680562] Key type encrypted registered
[    5.681606] AppArmor: AppArmor sha1 policy hashing enabled
[    5.682875] ima: No TPM chip found, activating TPM-bypass!
[    5.684302] evm: HMAC attrs: 0x1
[    5.685769]   Magic number: 6:663:527
[    5.686892] rtc_cmos rtc_cmos: setting system clock to 2018-06-15 10:32:42 UTC (1529058762)
[    5.689892] BIOS EDD facility v0.16 2004-Jun-25, 0 devices found
[    5.693258] EDD information not available.
[    5.717722] Freeing unused kernel memory: 1512K
[    5.946695] Write protecting the kernel read-only data: 14336k
[    5.963206] Freeing unused kernel memory: 1688K
[    5.966228] Freeing unused kernel memory: 96K
Loading, please wait...
starting version[    5.989772] random: systemd-udevd: uninitialized urandom read (16 bytes read, 3 bits of entropy available)
 229
[    5.990615] random: udevadm: uninitialized urandom read (16 bytes read, 3 bits of entropy available)
[    5.990653] random: udevadm: uninitialized urandom read (16 bytes read, 3 bits of entropy available)
[    6.010404] random: udevadm: uninitialized urandom read (16 bytes read, 3 bits of entropy available)
[    6.010459] random: udevadm: uninitialized urandom read (16 bytes read, 3 bits of entropy available)
[    6.010625] random: udevadm: uninitialized urandom read (16 bytes read, 3 bits of entropy available)
[    6.010689] random: udevadm: uninitialized urandom read (16 bytes read, 3 bits of entropy available)
[    6.010751] random: udevadm: uninitialized urandom read (16 bytes read, 3 bits of entropy available)
[    6.010815] random: udevadm: uninitialized urandom read (16 bytes read, 3 bits of entropy available)
[    6.010875] random: udevadm: uninitialized urandom read (16 bytes read, 3 bits of entropy available)
[    6.220981] Fusion MPT base driver 3.04.20
[    6.222605] Copyright (c) 1999-2008 LSI Corporation
[    6.249215] e1000: Intel(R) PRO/1000 Network Driver - version 7.3.21-k8-NAPI
[    6.262937] e1000: Copyright (c) 1999-2006 Intel Corporation.
[    6.294944] Fusion MPT SPI Host driver 3.04.20
[    6.305322] AVX version of gcm_enc/dec engaged.
[    6.317862] AES CTR mode by8 optimization enabled
[    6.386095] tsc: Refined TSC clocksource calibration: 2495.204 MHz
[    6.393342] clocksource: tsc: mask: 0xffffffffffffffff max_cycles: 0x23f78745d19, max_idle_ns: 440795248578 ns
[    6.433587] input: ImExPS/2 Generic Explorer Mouse as /devices/platform/i8042/serio1/input/input4
[    6.702433] e1000 0000:00:03.0 eth0: (PCI:33MHz:32-bit) 02:b0:72:86:cc:22
[    6.717903] e1000 0000:00:03.0 eth0: Intel(R) PRO/1000 Network Connection
[    6.720583] mptbase: ioc0: Initiating bringup
[    6.797753] ioc0: LSI53C1030 A0: Capabilities={Initiator}
[    6.967330] scsi host2: ioc0: LSI53C1030 A0, FwRev=00000000h, Ports=1, MaxQ=256, IRQ=20
[    7.081722] scsi 2:0:0:0: Direct-Access     VBOX     HARDDISK         1.0  PQ: 0 ANSI: 5
[    7.085253] scsi target2:0:0: Beginning Domain Validation
[    7.088944] scsi target2:0:0: Domain Validation skipping write tests
[    7.091436] scsi target2:0:0: Ending Domain Validation
[    7.093314] scsi target2:0:0: asynchronous
[    7.104035] scsi 2:0:1:0: Direct-Access     VBOX     HARDDISK         1.0  PQ: 0 ANSI: 5
[    7.124482] scsi target2:0:1: Beginning Domain Validation
[    7.127787] scsi target2:0:1: Domain Validation skipping write tests
[    7.129434] scsi target2:0:1: Ending Domain Validation
[    7.130793] scsi target2:0:1: asynchronous
[    7.149743] sd 2:0:0:0: Attached scsi generic sg0 type 0
[    7.168218] sd 2:0:1:0: Attached scsi generic sg1 type 0
[    7.205965] sd 2:0:0:0: [sda] 20971520 512-byte logical blocks: (10.7 GB/10.0 GiB)
[    7.227557] sd 2:0:1:0: [sdb] 20480 512-byte logical blocks: (10.5 MB/10.0 MiB)
[    7.237545] sd 2:0:0:0: [sda] Write Protect is off
[    7.254004] sd 2:0:1:0: [sdb] Write Protect is off
[    7.257722] sd 2:0:1:0: [sdb] Incomplete mode parameter data
[    7.267694] sd 2:0:1:0: [sdb] Assuming drive cache: write through
[    7.279199] sd 2:0:0:0: [sda] Incomplete mode parameter data
[    7.284991] sd 2:0:0:0: [sda] Assuming drive cache: write through
[    7.312967]  sda: sda1
[    7.315876] sd 2:0:1:0: [sdb] Attached SCSI disk
[    7.319503] sd 2:0:0:0: [sda] Attached SCSI disk
[    7.537678] e1000 0000:00:08.0 eth1: (PCI:33MHz:32-bit) 08:00:27:21:dd:75
[    7.546171] e1000 0000:00:08.0 eth1: Intel(R) PRO/1000 Network Connection
[    7.562602] e1000 0000:00:08.0 enp0s8: renamed from eth1
[    7.580592] e1000 0000:00:03.0 enp0s3: renamed from eth0
Begin: Loading essential drivers ... [    8.985559] md: linear personality registered for level -1
[    8.990206] md: multipath personality registered for level -4
[    8.994810] md: raid0 personality registered for level 0
[    9.005954] md: raid1 personality registered for level 1
[    9.080275] raid6: sse2x1   gen()  7777 MB/s
[    9.148177] raid6: sse2x1   xor()  6038 MB/s
[    9.220142] raid6: sse2x2   gen()  9655 MB/s
[    9.288188] raid6: sse2x2   xor()  6847 MB/s
[    9.356458] raid6: sse2x4   gen() 10698 MB/s
[    9.424205] raid6: sse2x4   xor()  7496 MB/s
[    9.425290] raid6: using algorithm sse2x4 gen() 10698 MB/s
[    9.433758] raid6: .... xor() 7496 MB/s, rmw enabled
[    9.435317] raid6: using ssse3x2 recovery algorithm
[    9.444717] xor: automatically using best checksumming function:
[    9.495989]    avx       : 14529.000 MB/sec
[    9.499236] async_tx: api initialized (async)
[    9.533732] md: raid6 personality registered for level 6
[    9.535711] md: raid5 personality registered for level 5
[    9.537753] md: raid4 personality registered for level 4
[    9.547326] md: raid10 personality registered for level 10
done.
Begin: Running /scripts/init-premount ... done.
Begin: Mounting root file system ... Begin: Running /scripts/local-top ... done.
Begin: Running /scripts/local-premount ... [    9.611417] Btrfs loaded
Scanning for Btrfs filesystems
done.
Warning: fsck not present, so skipping root file system
[    9.692648] EXT4-fs (sda1): mounted filesystem with ordered data mode. Opts: (null)
done.
Begin: Running /scripts/local-bottom ... done.
Begin: Running /scripts/init-bottom ... done.
[    9.963337] systemd[1]: systemd 229 running in system mode. (+PAM +AUDIT +SELINUX +IMA +APPARMOR +SMACK +SYSVINIT +UTMP +LIBCRYPTSETUP +GCRYPT +GNUTLS +ACL +XZ -LZ4 +SECCOMP +BLKID +ELFUTILS +KMOD -IDN)
[    9.999261] systemd[1]: Detected virtualization oracle.
[   10.003743] systemd[1]: Detected architecture x86-64.

Welcome to [1mUbuntu 16.04.4 LTS[0m!

[   10.031625] systemd[1]: Set hostname to <ubuntu-xenial>.
[   10.455889] systemd[1]: Reached target Encrypted Volumes.
[[0;32m  OK  [0m] Reached target Encrypted Volumes.
[   10.474714] systemd[1]: Listening on udev Kernel Socket.
[[0;32m  OK  [0m] Listening on udev Kernel Socket.
[   10.511925] systemd[1]: Listening on Device-mapper event daemon FIFOs.
[[0;32m  OK  [0m] Listening on Device-mapper event daemon FIFOs.
[   10.526358] systemd[1]: Started Forward Password Requests to Wall Directory Watch.
[[0;32m  OK  [0m] Started Forward Password Requests to Wall Directory Watch.
[   10.532494] systemd[1]: Listening on Journal Socket.
[[0;32m  OK  [0m] Listening on Journal Socket.
[   10.538388] systemd[1]: Set up automount Arbitrary Executable File Formats File System Automount Point.
[[0;32m  OK  [0m] Set up automount Arbitrary Executab...ats File System Automount Point.
[   10.576532] systemd[1]: Listening on LVM2 poll daemon socket.
[[0;32m  OK  [0m] Listening on LVM2 poll daemon socket.
[   10.592484] systemd[1]: Started Trigger resolvconf update for networkd DNS.
[[0;32m  OK  [0m] Started Trigger resolvconf update for networkd DNS.
[   10.605582] systemd[1]: Listening on LVM2 metadata daemon socket.
[[0;32m  OK  [0m] Listening on LVM2 metadata daemon socket.
[   10.610282] systemd[1]: Listening on /dev/initctl Compatibility Named Pipe.
[[0;32m  OK  [0m] Listening on /dev/initctl Compatibility Named Pipe.
[   10.620505] systemd[1]: Created slice System Slice.
[[0;32m  OK  [0m] Created slice System Slice.
[   10.627872] random: nonblocking pool is initialized
[   10.652333] systemd[1]: Mounting Debug File System...
         Mounting Debug File System...
[   10.668882] systemd[1]: Starting Nameserver information manager...
         Starting Nameserver information manager...
[   10.673135] systemd[1]: Starting Remount Root and Kernel File Systems...
         Starting Remount Root and Kernel File Systems...
[   10.713107] systemd[1]: Mounting POSIX Message Queue File System...
[   10.716450] EXT4-fs (sda1): re-mounted. Opts: (null)
         Mounting POSIX Message Queue File System...
[   10.757132] systemd[1]: Created slice system-serial\x2dgetty.slice.
[[0;32m  OK  [0m] Created slice system-serial\x2dgetty.slice.
[   10.784496] systemd[1]: Starting Load Kernel Modules...
[   10.87991] Loading iSCSI transport class v2.0-870.

         Starting Load Kernel Modules...
[   10.850175] systemd[1]: Reached target Swap.
[[0;32m  OK  [0m] Reached target Swap.
[   10.867483] systemd[1]: Reached target User and Group Name Lookups.
[[0;32m  OK  [0m] Reached target User and Group Name Lookups.
[   10.871903] systemd[1]: Listening on Syslog Socket.
[   10.874203] iscsi: registered transport (tcp)
[[0;32m  OK  [0m] Listening on Syslog Socket.
[   10.879821] systemd[1]: Mounting Huge Pages File System...
         Mounting Huge Pages File System...
[   10.884752] systemd[1]: Starting Set console keymap...
         Starting Set console keymap...
[   10.888294] systemd[1]: Listening on Journal Audit Socket.
[[0;32m  OK  [0m] Listening on Journal Audit Socket.
[   10.904638] systemd[1]: Reached target System Time Synchronized.
[[0;32m  OK  [0m] Reached target System Time Synchronized.
[   10.933398] systemd[1]: Starting Monitoring of LVM2 mirrors, snapshots etc. using dmeventd or progress polling...
         Starting Monitoring of LVM2 mirrors... dmeventd or progress polling...
[   10.940514] systemd[1]: Created slice User and Session Slice.
[[0;32m  OK  [0m] Created slice User and Session Slice.
[   10.952319] systemd[1]: Reached target Slices.
[[0;32m  OK  [0m] Reached target Slices.
[   10.965589] systemd[1]: Listening on udev Control Socket.
[[0;32m  OK  [0m] Listening on udev Control Socket.
[   10.971476] iscsi: registered transport (iser)
[   10.988876] systemd[1]: Starting Uncomplicated firewall...
         Starting Uncomplicated firewall...
[   10.994359] systemd[1]: Starting Create list of required static device nodes for the current kernel...
         Starting Create list of required st... nodes for the current kernel...
[   11.009327] systemd[1]: Listening on Journal Socket (/dev/log).
[[0;32m  OK  [0m] Listening on Journal Socket (/dev/log).
[   11.017817] systemd[1]: Starting Journal Service...
         Starting Journal Service...
[   11.023155] systemd[1]: Mounted Debug File System.
[[0;32m  OK  [0m] Mounted Debug File System.
[   11.036311] systemd[1]: Mounted POSIX Message Queue File System.
[[0;32m  OK  [0m] Mounted POSIX Message Queue File System.
[   11.042831] systemd[1]: Mounted Huge Pages File System.
[[0;32m  OK  [0m] Mounted Huge Pages File System.
[   11.051355] systemd[1]: Started Remount Root and Kernel File Systems.
[[0;32m  OK  [0m] Started Remount Root and Kernel File Systems.
[   11.057169] systemd[1]: Started Load Kernel Modules.
[[0;32m  OK  [0m] Started Load Kernel Modules.
[   11.071351] systemd[1]: Started Set console keymap.
[[0;32m  OK  [0m] Started Set console keymap.
[   11.093181] systemd[1]: Started Uncomplicated firewall.
[[0;32m  OK  [0m] Started Uncomplicated firewall.
[   11.109457] systemd[1]: Started Create list of required static device nodes for the current kernel.
[[0;32m  OK  [0m] Started Create list of required sta...ce nodes for the current kernel.
[   11.136587] systemd[1]: Started Nameserver information manager.
[[0;32m  OK  [0m] Started Nameserver information manager.
[   11.150029] systemd[1]: Started Journal Service.
[[0;32m  OK  [0m] Started Journal Service.
[[0;32m  OK  [0m] Started LVM2 metadata daemon.
         Starting Create Static Device Nodes in /dev...
         Mounting FUSE Control File System...
         Starting Apply Kernel Variables...
         Starting Load/Save Random Seed...
         Starting udev Coldplug all Devices...
         Starting Flush Journal to Persistent Storage...
[[0;32m  OK  [0m] Mounted FUSE Control File System.
[[0;32m  OK  [0m] Started Apply Kernel Variables.
[[0;32m  OK  [0m] Started Load/Save Random Seed.
[[0;32m  OK  [0m] Started Create Static Device Nodes in /dev.
[[0;32m  OK  [0m] Started Flush Journal to Persistent Storage.
[[0;32m  OK  [0m] Started udev Coldplug all Devices.
         Starting udev Kernel Device Manager...
[[0;32m  OK  [0m] Started udev Kernel Device Manager.
[[0;32m  OK  [0m] Started Dispatch Password Requests to Console Directory Watch.
[[0;32m  OK  [0m] Found device /dev/ttyS0.
[[0;32m  OK  [0m] Started Monitoring of LVM2 mirrors,...ng dmeventd or progress polling.
[[0;32m  OK  [0m] Reached target Local File Systems (Pre).
[[0;32m  OK  [0m] Reached target Local File Systems.
         Starting Create Volatile Files and Directories...
         Starting Initial cloud-init job (pre-networking)...
         Starting Set console font and keymap...
         Starting LSB: AppArmor initialization...
         Starting Tell Plymouth To Write Out Runtime Data...
[[0;32m  OK  [0m] Found device 82540EM Gigabit Ethern...r (PRO/1000 MT Desktop Adapter).
[[0;32m  OK  [0m] Started Tell Plymouth To Write Out Runtime Data.
[[0;32m  OK  [0m] Listening on Load/Save RF Kill Switch Status /dev/rfkill Watch.
[[0;32m  OK  [0m] Started Create Volatile Files and Directories.
         Starting Update UTMP about System Boot/Shutdown...
[[0;32m  OK  [0m] Started Update UTMP about System Boot/Shutdown.
[[0;32m  OK  [0m] Started LSB: AppArmor initialization.
[[0;32m  OK  [0m] Started Set console font and keymap.
[[0;32m  OK  [0m] Created slice system-getty.slice.
[   12.277060] cloud-init[573]: Cloud-init v. 18.2 running 'init-local' at Fri, 15 Jun 2018 10:32:50 +0000. Up 11.85 seconds.
[[0;32m  OK  [0m] Started Initial cloud-init job (pre-networking).
[[0;32m  OK  [0m] Reached target Network (Pre).
         Starting Raise network interfaces...
[[0;32m  OK  [0m] Started ifup for enp0s3.
[[0;32m  OK  [0m] Started ifup for enp0s8.
[[0;32m  OK  [0m] Started Raise network interfaces.
[[0;32m  OK  [0m] Reached target Network.
         Starting Initial cloud-init job (metadata service crawler)...
[   13.623710] cloud-init[1086]: Cloud-init v. 18.2 running 'init' at Fri, 15 Jun 2018 10:32:51 +0000. Up 13.02 seconds.
[   13.669631] cloud-init[1086]: ci-info: +++++++++++++++++++++++++Net device info+++++++++++++++++++++++++
[   13.673403] cloud-init[1086]: ci-info: +--------+------+-------------------+------+-------+------------+[[0;32m  OK  [0m] Started Initial cloud-init job (metadata service crawler).
[[0;32m  OK  [0m] Reached target System Initialization.
[[0;32m  OK  [0m] Listening on UUID daemon activation socket.
         Starting Socket activation for snappy daemon.

[   13.704345] cloud-init[1086]: ci-info: | Device |  Up  |      Address      | Mask | Scope | Hw-Address |
[   13.704988] cloud-init[1086]: ci-info: +--------+------+-------------------+------+-------+------------+
         Starting LXD - unix socket.
[[   13.707311] cloud-init[1086]: ci-info: | enp0s3 | True |   ドレス:10.0.2.15   |  .   |   .   |     .      |
[   13.730202] cloud-init[1086]: ci-info: | enp0s8 | True | ドレス:192.168.33.10 |  .   |   .   |     .      |
[0;32m  OK  [0m] Listening on D-Bus System Message Bus Socket.
[   13.731281] cloud-init[1086]: ci-info: |   lo   | True |   ドレス:127.0.0.1   |  .   |   .   |     .      |
[   13.789765] cloud-init[1086]: ci-info: +--------+------+-------------------+------+-------+------------+
[   13.790273] cloud-init[1086]: ci-info: ++++++++++++++++++++++++++++Route IPv4 info++++++++++++++++++++++++++++
[[0;32m  OK  [0m] Started Daily apt download activities.
[   13.790531] cloud-init[1086]: ci-info: +-------+--------------+----------+---------------+-----------+-------+
[   13.928937] cloud-init[1086]: ci-info: | Route | Destination  | Gateway  |    Genmask    | Interface | Flags |
[   13.929259] cloud-init[1086]: ci-info: +-------+--------------+----------+---------------+-----------+-------+
[   13.929537] cloud-init[1086]: ci-info: |   0   |    受信先サイト    |  ゲートウェイ  |     ネットマスク    |  インタフェース  |  フラグ  |
[[0;32m  OK  [0m] Started Daily apt upgrade and clean activities.
[   13.930309] cloud-init[1086]: ci-info: |   1   |   0.0.0.0    | 10.0.2.2 |    0.0.0.0    |   enp0s3  |   UG  |
[   13.981333] cloud-init[1086]: ci-info: |   2   |   10.0.2.0   | 0.0.0.0  | 255.255.255.0 |   enp0s3  |   U   |
[   13.981739] cloud-init[1086]: ci-info: |   3   | 192.168.33.0 | 0.0.0.0  | 255.255.255.0 |   enp0s8  |   U   |
[[0;32m  OK  [0m] Started ACPI Events Check.
[   13.982188] cloud-init[1086]: ci-info: +-------+--------------+----------+---------------+-----------+-------+
[[0;32m  OK  [0m] Reached target Paths.
[[0;32m  OK  [0m] Listening on ACPID Listen Socket.
[[0;32m  OK  [0m] Started Daily Cleanup of Temporary Directories.
[[0;32m  OK  [0m] Reached target Timers.
[[0;32m  OK  [0m] Reached target Network is Online.
         Starting iSCSI initiator daemon (iscsid)...
[[0;32m  OK  [0m] Reached target Cloud-config availability.
[[0;32m  OK  [0m] Listening on Socket activation for snappy daemon.
[[0;32m  OK  [0m] Listening on LXD - unix socket.
[[0;32m  OK  [0m] Reached target Sockets.
[[0;32m  OK  [0m] Reached target Basic System.
         Starting Login Service...
         Starting /etc/rc.local Compatibility...
         Starting System Logging Service...
         Starting Accounts Service...
[[0;32m  OK  [0m] Started Deferred execution scheduler.
         Starting LSB: Record successful boot for GRUB...
         Starting LSB: MD monitoring daemon...
[[0;32m  OK  [0m] Started FUSE filesystem for LXC.
         Starting Apply the settings specified in cloud-config...
         Starting LXD - container startup/shutdown...
[[0;32m  OK  [0m] Started Unattended Upgrades Shutdown.
[[0;32m  OK  [0m] Started ACPI event daemon.
[[0;32m  OK  [0m] Started Regular background program processing daemon.
[[0;32m  OK  [0m] Started D-Bus System Message Bus.
         Starting OpenBSD Secure Shell server...
         Starting Virtualbox guest utils...
         Starting Snappy daemon...
[[0;32m  OK  [0m] Started System Logging Service.
[[0;32m  OK  [0m] Started iSCSI initiator daemon (iscsid).
[[0;32m  OK  [0m] Started /etc/rc.local Compatibility.
[[0;32m  OK  [0m] Started Login Service.
         Starting Authenticate and Authorize Users to Run Privileged Tasks...
         Starting Login to default iSCSI targets...
[[0;32m  OK  [0m] Started LSB: Record successful boot for GRUB.
[[0;32m  OK  [0m] Started LSB: MD monitoring daemon.
[[0;32m  OK  [0m] Started Login to default iSCSI targets.
[[0;32m  OK  [0m] Started OpenBSD Secure Shell server.
[[0;32m  OK  [0m] Started Authenticate and Authorize Users to Run Privileged Tasks.
[[0;32m  OK  [0m] Started Accounts Service.
[[0;32m  OK  [0m] Reached target Remote File Systems (Pre).
[[0;32m  OK  [0m] Reached target Remote File Systems.
         Starting LSB: automatic crash report generation...
         Starting Permit User Sessions...
         Starting LSB: daemon to balance interrupts for SMP systems...
         Starting LSB: Set the CPU Frequency Scaling governor to "ondemand"...
[[0;32m  OK  [0m] Started Permit User Sessions.
[[0;32m  OK  [0m] Started Virtualbox guest utils.
[   15.183824] cloud-init[1164]: Cloud-init v. 18.2 running 'modules:config' at Fri, 15 Jun 2018 10:32:53 +0000. Up 14.49 seconds.
         Starting Terminate Plymouth Boot Screen...
         Starting Hold until boot process finishes up...
[[0;32m  OK  [0m] Started Apply the settings specified in cloud-config.
[[0;32m  OK  [0m] Started Terminate Plymouth Boot Screen.
[[0;32m  OK  [0m] Started Hold until boot process finishes up.
[[0;32m  OK  [0m] Started LSB: Set the CPU Frequency Scaling governor to "ondemand".
[[0;32m  OK  [0m] Started Getty on tty1.
         Starting Set console scheme...
[[0;32m  OK  [0m] Started Serial Getty on ttyS0.
[[0;32m  OK  [0m] Reached target Login Prompts.
[[0;32m  OK  [0m] Started LSB: automatic crash report generation.
[[0;32m  OK  [0m] Started LSB: daemon to balance interrupts for SMP systems.
[[0;32m  OK  [0m] Started Set console scheme.
[[0;32m  OK  [0m] Started LXD - container startup/shutdown.
[[0;32m  OK  [0m] Started Snappy daemon.
         Starting Wait until snapd is fully seeded...
[[0;32m  OK  [0m] Started Wait until snapd is fully seeded.
[[0;32m  OK  [0m] Reached target Multi-User System.
         Starting Execute cloud user/final scripts...
[[0;32m  OK  [0m] Reached target Graphical Interface.
         Starting Update UTMP about System Runlevel Changes...
[[0;32m  OK  [0m] Started Update UTMP about System Runlevel Changes.
[   16.317610] cloud-init[1328]: Cloud-init v. 18.2 running 'modules:final' at Fri, 15 Jun 2018 10:32:54 +0000. Up 16.08 seconds.
[   16.340141] cloud-init[1328]: Cloud-init v. 18.2 finished at Fri, 15 Jun 2018 10:32:54 +0000. Datasource DataSourceNoCloud [seed=/dev/sdb][dsmode=net].  Up 16.30 seconds
[[0;32m  OK  [0m] Started Execute cloud user/final scripts.
[[0;32m  OK  [0m] Reached target Cloud-init target.

Ubuntu 16.04.4 LTS ubuntu-xenial ttyS0

ubuntu-xenial login: 